{
  "RSpec": {
    "coverage": {
      "/Users/jenniferbacon/Documents/Coding/Makers/Week6/oyster/spec/oystercard_spec.rb": [
        1,
        null,
        1,
        13,
        8,
        null,
        1,
        1,
        null,
        null,
        1,
        1,
        null,
        null,
        1,
        1,
        1,
        null,
        null,
        1,
        2,
        null,
        null,
        1,
        1,
        1,
        1,
        1,
        null,
        null,
        1,
        1,
        1,
        1,
        null,
        null,
        1,
        1,
        1,
        1,
        1,
        null,
        null,
        1,
        1,
        null,
        null,
        1,
        2,
        null,
        null,
        1,
        1,
        1,
        4,
        null,
        null,
        1,
        1,
        1,
        1,
        null,
        null,
        1,
        1,
        1,
        1,
        1,
        null,
        null,
        null
      ],
      "/Users/jenniferbacon/Documents/Coding/Makers/Week6/oyster/lib/oystercard.rb": [
        1,
        null,
        1,
        null,
        1,
        1,
        1,
        12,
        12,
        null,
        null,
        1,
        8,
        7,
        null,
        null,
        null,
        null,
        1,
        3,
        null,
        null,
        null,
        null,
        null,
        null,
        null,
        null,
        null,
        null,
        1,
        7,
        6,
        null,
        null,
        1,
        4,
        4,
        null,
        null,
        null,
        1,
        null,
        1,
        4,
        null,
        null,
        null
      ]
    },
    "timestamp": 1502194119
  }
}
