{
  "RSpec": {
    "coverage": {
      "/Users/stephengeller/Projects/makers-academy/week-two/day-4/oyster-JS/spec/journey_spec.rb": [
        1,
        null,
        1,
        null,
        null
      ],
      "/Users/stephengeller/Projects/makers-academy/week-two/day-4/oyster-JS/lib/journey.rb": [
        1,
        null,
        1,
        1,
        null,
        1,
        8,
        null,
        null,
        null
      ],
      "/Users/stephengeller/Projects/makers-academy/week-two/day-4/oyster-JS/spec/oystercard_spec.rb": [
        1,
        null,
        1,
        15,
        8,
        2,
        2,
        2,
        2,
        null,
        1,
        1,
        null,
        null,
        1,
        1,
        null,
        null,
        1,
        1,
        1,
        null,
        null,
        1,
        2,
        null,
        null,
        1,
        1,
        1,
        1,
        1,
        null,
        null,
        1,
        1,
        1,
        1,
        null,
        null,
        1,
        1,
        1,
        1,
        1,
        null,
        null,
        1,
        1,
        null,
        null,
        1,
        2,
        null,
        null,
        1,
        1,
        1,
        4,
        null,
        null,
        1,
        1,
        1,
        1,
        null,
        null,
        1,
        1,
        1,
        1,
        1,
        null,
        null,
        1,
        1,
        null,
        null,
        1,
        1,
        1,
        1,
        1,
        1,
        1,
        1,
        1,
        1,
        null,
        null
      ],
      "/Users/stephengeller/Projects/makers-academy/week-two/day-4/oyster-JS/lib/oystercard.rb": [
        1,
        1,
        null,
        1,
        1,
        1,
        1,
        1,
        14,
        14,
        14,
        null,
        null,
        1,
        9,
        8,
        null,
        null,
        1,
        3,
        null,
        null,
        1,
        9,
        8,
        8,
        8,
        null,
        null,
        1,
        6,
        6,
        6,
        6,
        null,
        null,
        1,
        null,
        1,
        6,
        null,
        null,
        null
      ],
      "/Users/stephengeller/Projects/makers-academy/week-two/day-4/oyster-JS/spec/station_spec.rb": [
        1,
        null,
        1,
        3,
        1,
        1,
        null,
        1,
        1,
        null,
        null
      ],
      "/Users/stephengeller/Projects/makers-academy/week-two/day-4/oyster-JS/lib/station.rb": [
        1,
        null,
        1,
        null,
        1,
        2,
        2,
        null,
        null,
        null
      ]
    },
    "timestamp": 1502375834
  }
}
